# JRE version: Java(TM) SE Runtime Environment (8.0_77-b03) (build 1.8.0_77-b03)
# Java VM: Java HotSpot(TM) 64-Bit Server VM (25.77-b03 mixed mode linux-amd64 compressed oops)
Heap:
 PSYoungGen      total 1820672K, used 633184K [0x0000000719580000, 0x00000007c0000000, 0x00000007c0000000)
  eden space 910848K, 0% used [0x0000000719580000,0x0000000719580000,0x0000000750f00000)
  from space 909824K, 69% used [0x0000000750f00000,0x0000000777958000,0x0000000788780000)
  to   space 909824K, 0% used [0x0000000788780000,0x0000000788780000,0x00000007c0000000)
 ParOldGen       total 4208640K, used 3847079K [0x00000005cc000000, 0x00000006cce00000, 0x0000000719580000)
  object space 4208640K, 91% used [0x00000005cc000000,0x00000006b6ce9d10,0x00000006cce00000)
 Metaspace       used 6263K, capacity 6458K, committed 6656K, reserved 1056768K
  class space    used 684K, capacity 762K, committed 768K, reserved 1048576K
GC Heap History (10 events):
Event: 10,614 GC heap after
Heap after GC invocations=14 (full 4):
 PSYoungGen      total 1628672K, used 608239K [0x0000000719580000, 0x00000007bcf00000, 0x00000007c0000000)
  eden space 781824K, 0% used [0x0000000719580000,0x0000000719580000,0x0000000749100000)
  from space 846848K, 71% used [0x0000000780980000,0x00000007a5b7bfe0,0x00000007b4480000)
  to   space 909824K, 0% used [0x0000000749100000,0x0000000749100000,0x0000000780980000)
 ParOldGen       total 3056128K, used 2146312K [0x00000005cc000000, 0x0000000686880000, 0x0000000719580000)
  object space 3056128K, 70% used [0x00000005cc000000,0x000000064f002180,0x0000000686880000)
 Metaspace       used 6263K, capacity 6458K, committed 6656K, reserved 1056768K
  class space    used 684K, capacity 762K, committed 768K, reserved 1048576K
}
Event: 11,229 GC heap before
{Heap before GC invocations=15 (full 4):
 PSYoungGen      total 1628672K, used 1390063K [0x0000000719580000, 0x00000007bcf00000, 0x00000007c0000000)
  eden space 781824K, 100% used [0x0000000719580000,0x0000000749100000,0x0000000749100000)
  from space 846848K, 71% used [0x0000000780980000,0x00000007a5b7bfe0,0x00000007b4480000)
  to   space 909824K, 0% used [0x0000000749100000,0x0000000749100000,0x0000000780980000)
 ParOldGen       total 3056128K, used 2146312K [0x00000005cc000000, 0x0000000686880000, 0x0000000719580000)
  object space 3056128K, 70% used [0x00000005cc000000,0x000000064f002180,0x0000000686880000)
 Metaspace       used 6263K, capacity 6458K, committed 6656K, reserved 1056768K
  class space    used 684K, capacity 762K, committed 768K, reserved 1048576K
Event: 11,774 GC heap after
Heap after GC invocations=15 (full 4):
 PSYoungGen      total 1691648K, used 909824K [0x0000000719580000, 0x00000007c0000000, 0x00000007c0000000)
  eden space 781824K, 0% used [0x0000000719580000,0x0000000719580000,0x0000000749100000)
  from space 909824K, 100% used [0x0000000749100000,0x0000000780980000,0x0000000780980000)
  to   space 909824K, 0% used [0x0000000788780000,0x0000000788780000,0x00000007c0000000)
 ParOldGen       total 3056128K, used 2392184K [0x00000005cc000000, 0x0000000686880000, 0x0000000719580000)
  object space 3056128K, 78% used [0x00000005cc000000,0x000000065e01e180,0x0000000686880000)
 Metaspace       used 6263K, capacity 6458K, committed 6656K, reserved 1056768K
  class space    used 684K, capacity 762K, committed 768K, reserved 1048576K
}
Event: 12,391 GC heap before
{Heap before GC invocations=16 (full 4):
 PSYoungGen      total 1691648K, used 1691648K [0x0000000719580000, 0x00000007c0000000, 0x00000007c0000000)
  eden space 781824K, 100% used [0x0000000719580000,0x0000000749100000,0x0000000749100000)
  from space 909824K, 100% used [0x0000000749100000,0x0000000780980000,0x0000000780980000)
  to   space 909824K, 0% used [0x0000000788780000,0x0000000788780000,0x00000007c0000000)
 ParOldGen       total 3056128K, used 2392184K [0x00000005cc000000, 0x0000000686880000, 0x0000000719580000)
  object space 3056128K, 78% used [0x00000005cc000000,0x000000065e01e180,0x0000000686880000)
 Metaspace       used 6263K, capacity 6458K, committed 6656K, reserved 1056768K
  class space    used 684K, capacity 762K, committed 768K, reserved 1048576K
Event: 14,276 GC heap after
Heap after GC invocations=16 (full 4):
 PSYoungGen      total 1820672K, used 909824K [0x0000000719580000, 0x00000007c0000000, 0x00000007c0000000)
  eden space 910848K, 0% used [0x0000000719580000,0x0000000719580000,0x0000000750f00000)
  from space 909824K, 100% used [0x0000000788780000,0x00000007c0000000,0x00000007c0000000)
  to   space 909824K, 0% used [0x0000000750f00000,0x0000000750f00000,0x0000000788780000)
 ParOldGen       total 3056128K, used 2940208K [0x00000005cc000000, 0x0000000686880000, 0x0000000719580000)
  object space 3056128K, 96% used [0x00000005cc000000,0x000000067f74c180,0x0000000686880000)
 Metaspace       used 6263K, capacity 6458K, committed 6656K, reserved 1056768K
  class space    used 684K, capacity 762K, committed 768K, reserved 1048576K
}
Event: 14,276 GC heap before
{Heap before GC invocations=17 (full 5):
 PSYoungGen      total 1820672K, used 909824K [0x0000000719580000, 0x00000007c0000000, 0x00000007c0000000)
  eden space 910848K, 0% used [0x0000000719580000,0x0000000719580000,0x0000000750f00000)
  from space 909824K, 100% used [0x0000000788780000,0x00000007c0000000,0x00000007c0000000)
  to   space 909824K, 0% used [0x0000000750f00000,0x0000000750f00000,0x0000000788780000)
 ParOldGen       total 3056128K, used 2940208K [0x00000005cc000000, 0x0000000686880000, 0x0000000719580000)
  object space 3056128K, 96% used [0x00000005cc000000,0x000000067f74c180,0x0000000686880000)
 Metaspace       used 6263K, capacity 6458K, committed 6656K, reserved 1056768K
  class space    used 684K, capacity 762K, committed 768K, reserved 1048576K
Event: 17,770 GC heap after
Heap after GC invocations=17 (full 5):
 PSYoungGen      total 1820672K, used 781784K [0x0000000719580000, 0x00000007c0000000, 0x00000007c0000000)
  eden space 910848K, 0% used [0x0000000719580000,0x0000000719580000,0x0000000750f00000)
  from space 909824K, 85% used [0x0000000788780000,0x00000007b82f6298,0x00000007c0000000)
  to   space 909824K, 0% used [0x0000000750f00000,0x0000000750f00000,0x0000000788780000)
 ParOldGen       total 4208640K, used 3055999K [0x00000005cc000000, 0x00000006cce00000, 0x0000000719580000)
  object space 4208640K, 72% used [0x00000005cc000000,0x000000068685fd10,0x00000006cce00000)
 Metaspace       used 6263K, capacity 6458K, committed 6656K, reserved 1056768K
  class space    used 684K, capacity 762K, committed 768K, reserved 1048576K
}
Event: 18,499 GC heap before
{Heap before GC invocations=18 (full 5):
 PSYoungGen      total 1820672K, used 1692632K [0x0000000719580000, 0x00000007c0000000, 0x00000007c0000000)
  eden space 910848K, 100% used [0x0000000719580000,0x0000000750f00000,0x0000000750f00000)
  from space 909824K, 85% used [0x0000000788780000,0x00000007b82f6298,0x00000007c0000000)
  to   space 909824K, 0% used [0x0000000750f00000,0x0000000750f00000,0x0000000788780000)
 ParOldGen       total 4208640K, used 3055999K [0x00000005cc000000, 0x00000006cce00000, 0x0000000719580000)
  object space 4208640K, 72% used [0x00000005cc000000,0x000000068685fd10,0x00000006cce00000)
 Metaspace       used 6263K, capacity 6458K, committed 6656K, reserved 1056768K
  class space    used 684K, capacity 762K, committed 768K, reserved 1048576K
Event: 31,870 GC heap after
Heap after GC invocations=18 (full 5):
 PSYoungGen      total 1820672K, used 633184K [0x0000000719580000, 0x00000007c0000000, 0x00000007c0000000)
  eden space 910848K, 0% used [0x0000000719580000,0x0000000719580000,0x0000000750f00000)
  from space 909824K, 69% used [0x0000000750f00000,0x0000000777958000,0x0000000788780000)
  to   space 909824K, 0% used [0x0000000788780000,0x0000000788780000,0x00000007c0000000)
 ParOldGen       total 4208640K, used 3847079K [0x00000005cc000000, 0x00000006cce00000, 0x0000000719580000)
  object space 4208640K, 91% used [0x00000005cc000000,0x00000006b6ce9d10,0x00000006cce00000)
 Metaspace       used 6263K, capacity 6458K, committed 6656K, reserved 1056768K
  class space    used 684K, capacity 762K, committed 768K, reserved 1048576K
}
Event: 31,886 GC heap before
{Heap before GC invocations=19 (full 6):
 PSYoungGen      total 1820672K, used 633184K [0x0000000719580000, 0x00000007c0000000, 0x00000007c0000000)
  eden space 910848K, 0% used [0x0000000719580000,0x0000000719580000,0x0000000750f00000)
  from space 909824K, 69% used [0x0000000750f00000,0x0000000777958000,0x0000000788780000)
  to   space 909824K, 0% used [0x0000000788780000,0x0000000788780000,0x00000007c0000000)
 ParOldGen       total 4208640K, used 3847079K [0x00000005cc000000, 0x00000006cce00000, 0x0000000719580000)
  object space 4208640K, 91% used [0x00000005cc000000,0x00000006b6ce9d10,0x00000006cce00000)
 Metaspace       used 6263K, capacity 6458K, committed 6656K, reserved 1056768K
  class space    used 684K, capacity 762K, committed 768K, reserved 1048576K

